Using pre-set license
Built from '2021.3/staging' branch; Version is '2021.3.21f1 (1b156197d683) revision 1774945'; Using compiler version '192829333'; Build Type 'Release'
OS: 'Windows 10  (10.0.19045) 64bit CoreCountrySpecific' Language: 'zh' Physical Memory: 15741 MB
BatchMode: 1, IsHumanControllingUs: 0, StartBugReporterOnCrash: 0, Is64bit: 1, IsPro: 1

COMMAND LINE ARGUMENTS:
D:\UNITY\Install\2021.3.21f1\Editor\Unity.exe
-adb2
-batchMode
-noUpm
-name
AssetImportWorker0
-projectPath
C:/Users/24105/Desktop/TGSNinnJya
-logFile
Logs/AssetImportWorker0.log
-srvPort
11790
Successfully changed project path to: C:/Users/24105/Desktop/TGSNinnJya
C:/Users/24105/Desktop/TGSNinnJya
[UnityMemory] Configuration Parameters - Can be set up in boot.config
    "memorysetup-bucket-allocator-granularity=16"
    "memorysetup-bucket-allocator-bucket-count=8"
    "memorysetup-bucket-allocator-block-size=33554432"
    "memorysetup-bucket-allocator-block-count=8"
    "memorysetup-main-allocator-block-size=16777216"
    "memorysetup-thread-allocator-block-size=16777216"
    "memorysetup-gfx-main-allocator-block-size=16777216"
    "memorysetup-gfx-thread-allocator-block-size=16777216"
    "memorysetup-cache-allocator-block-size=4194304"
    "memorysetup-typetree-allocator-block-size=2097152"
    "memorysetup-profiler-bucket-allocator-granularity=16"
    "memorysetup-profiler-bucket-allocator-bucket-count=8"
    "memorysetup-profiler-bucket-allocator-block-size=33554432"
    "memorysetup-profiler-bucket-allocator-block-count=8"
    "memorysetup-profiler-allocator-block-size=16777216"
    "memorysetup-profiler-editor-allocator-block-size=1048576"
    "memorysetup-temp-allocator-size-main=16777216"
    "memorysetup-job-temp-allocator-block-size=2097152"
    "memorysetup-job-temp-allocator-block-size-background=1048576"
    "memorysetup-job-temp-allocator-reduction-small-platforms=262144"
    "memorysetup-temp-allocator-size-background-worker=32768"
    "memorysetup-temp-allocator-size-job-worker=262144"
    "memorysetup-temp-allocator-size-preload-manager=33554432"
    "memorysetup-temp-allocator-size-nav-mesh-worker=65536"
    "memorysetup-temp-allocator-size-audio-worker=65536"
    "memorysetup-temp-allocator-size-cloud-worker=32768"
    "memorysetup-temp-allocator-size-gi-baking-worker=262144"
    "memorysetup-temp-allocator-size-gfx=262144"
Player connection [2992] Host "[IP] 10.32.0.96 [Port] 0 [Flags] 2 [Guid] 519239455 [EditorId] 519239455 [Version] 1048832 [Id] WindowsEditor(7,LAPTOP-D9Q4GD0D) [Debug] 1 [PackageName] WindowsEditor [ProjectName] Editor" joined multi-casting on [225.0.0.222:54997]...

Player connection [2992] Host "[IP] 10.32.0.96 [Port] 0 [Flags] 2 [Guid] 519239455 [EditorId] 519239455 [Version] 1048832 [Id] WindowsEditor(7,LAPTOP-D9Q4GD0D) [Debug] 1 [PackageName] WindowsEditor [ProjectName] Editor" joined alternative multi-casting on [225.0.0.222:34997]...

Refreshing native plugins compatible for Editor in 86.54 ms, found 3 plugins.
Preloading 0 native plugins for Editor in 0.00 ms.
Initialize engine version: 2021.3.21f1 (1b156197d683)
[Subsystems] Discovering subsystems at path D:/UNITY/Install/2021.3.21f1/Editor/Data/Resources/UnitySubsystems
[Subsystems] Discovering subsystems at path C:/Users/24105/Desktop/TGSNinnJya/Assets
GfxDevice: creating device client; threaded=0; jobified=0
Direct3D:
    Version:  Direct3D 11.0 [level 11.1]
    Renderer: NVIDIA GeForce RTX 2060 (ID=0x1f15)
    Vendor:   NVIDIA
    VRAM:     5980 MB
    Driver:   30.0.14.7219
Initialize mono
Mono path[0] = 'D:/UNITY/Install/2021.3.21f1/Editor/Data/Managed'
Mono path[1] = 'D:/UNITY/Install/2021.3.21f1/Editor/Data/MonoBleedingEdge/lib/mono/unityjit-win32'
Mono config path = 'D:/UNITY/Install/2021.3.21f1/Editor/Data/MonoBleedingEdge/etc'
Using monoOptions --debugger-agent=transport=dt_socket,embedding=1,server=y,suspend=n,address=127.0.0.1:56064
Begin MonoManager ReloadAssembly
Registering precompiled unity dll's ...
Register platform support module: D:/UNITY/Install/2021.3.21f1/Editor/Data/PlaybackEngines/WindowsStandaloneSupport/UnityEditor.WindowsStandalone.Extensions.dll
Registered in 0.004150 seconds.
Native extension for WindowsStandalone target not found
Refreshing native plugins compatible for Editor in 58.97 ms, found 3 plugins.
Preloading 0 native plugins for Editor in 0.00 ms.
Mono: successfully reloaded assembly
- Completed reload, in  0.602 seconds
Domain Reload Profiling:
	ReloadAssembly (602ms)
		BeginReloadAssembly (106ms)
			ExecutionOrderSort (0ms)
			DisableScriptedObjects (0ms)
			BackupInstance (0ms)
			ReleaseScriptingObjects (0ms)
			CreateAndSetChildDomain (1ms)
		EndReloadAssembly (411ms)
			LoadAssemblies (106ms)
			RebuildTransferFunctionScriptingTraits (0ms)
			SetupTypeCache (101ms)
			ReleaseScriptCaches (0ms)
			RebuildScriptCaches (28ms)
			SetupLoadedEditorAssemblies (234ms)
				LogAssemblyErrors (0ms)
				InitializePlatformSupportModulesInManaged (7ms)
				SetLoadedEditorAssemblies (0ms)
				RefreshPlugins (59ms)
				BeforeProcessingInitializeOnLoad (1ms)
				ProcessInitializeOnLoadAttributes (117ms)
				ProcessInitializeOnLoadMethodAttributes (50ms)
				AfterProcessingInitializeOnLoad (0ms)
				EditorAssembliesLoaded (0ms)
			ExecutionOrderSort2 (0ms)
			AwakeInstancesAfterBackupRestoration (0ms)
Platform modules already initialized, skipping
Registering precompiled user dll's ...
Registered in 0.011683 seconds.
Begin MonoManager ReloadAssembly
Symbol file LoadedFromMemory doesn't match image C:\Users\24105\Desktop\TGSNinnJya\Library\PackageCache\com.unity.visualscripting@1.8.0\Editor\VisualScripting.Core\Dependencies\YamlDotNet\Unity.VisualScripting.YamlDotNet.dll
Symbol file LoadedFromMemory doesn't match image C:\Users\24105\Desktop\TGSNinnJya\Library\PackageCache\com.unity.visualscripting@1.8.0\Editor\VisualScripting.Core\Dependencies\DotNetZip\Unity.VisualScripting.IonicZip.dll
Native extension for WindowsStandalone target not found
Refreshing native plugins compatible for Editor in 0.47 ms, found 3 plugins.
Preloading 0 native plugins for Editor in 0.00 ms.
Mono: successfully reloaded assembly
- Completed reload, in  1.050 seconds
Domain Reload Profiling:
	ReloadAssembly (1051ms)
		BeginReloadAssembly (128ms)
			ExecutionOrderSort (0ms)
			DisableScriptedObjects (5ms)
			BackupInstance (0ms)
			ReleaseScriptingObjects (0ms)
			CreateAndSetChildDomain (18ms)
		EndReloadAssembly (822ms)
			LoadAssemblies (111ms)
			RebuildTransferFunctionScriptingTraits (0ms)
			SetupTypeCache (188ms)
			ReleaseScriptCaches (1ms)
			RebuildScriptCaches (48ms)
			SetupLoadedEditorAssemblies (457ms)
				LogAssemblyErrors (0ms)
				InitializePlatformSupportModulesInManaged (4ms)
				SetLoadedEditorAssemblies (0ms)
				RefreshPlugins (1ms)
				BeforeProcessingInitializeOnLoad (66ms)
				ProcessInitializeOnLoadAttributes (368ms)
				ProcessInitializeOnLoadMethodAttributes (16ms)
				AfterProcessingInitializeOnLoad (3ms)
				EditorAssembliesLoaded (0ms)
			ExecutionOrderSort2 (0ms)
			AwakeInstancesAfterBackupRestoration (11ms)
Platform modules already initialized, skipping
========================================================================
Worker process is ready to serve import requests
Launched and connected shader compiler UnityShaderCompiler.exe after 0.08 seconds
Refreshing native plugins compatible for Editor in 0.48 ms, found 3 plugins.
Preloading 0 native plugins for Editor in 0.00 ms.
Unloading 2922 Unused Serialized files (Serialized files now loaded: 0)
Unloading 21 unused Assets / (56.5 KB). Loaded Objects now: 3383.
Memory consumption went from 102.8 MB to 102.7 MB.
Total: 3.127000 ms (FindLiveObjects: 0.294900 ms CreateObjectMapping: 0.090600 ms MarkObjects: 2.641000 ms  DeleteObjects: 0.099100 ms)

AssetImportParameters requested are different than current active one (requested -> active):
  custom:video-decoder-ogg-theora: a1e56fd34408186e4bbccfd4996cb3dc -> 
  custom:container-muxer-webm: aa71ff27fc2769a1b78a27578f13a17b -> 
  custom:container-demuxer-webm: 4f35f7cbe854078d1ac9338744f61a02 -> 
  custom:video-encoder-webm-vp8: eb34c28f22e8b96e1ab97ce403110664 -> 
  custom:video-codec-MediaFoundation-h265: 746d11721c4dcdbdad8f713fa42b33f4 -> 
  custom:audio-encoder-webm-vorbis: bf7c407c2cedff20999df2af8eb42d56 -> 
  custom:framework-win-MediaFoundation: 216162199b28c13a410421893ffa2e32 -> 
  custom:container-demuxer-ogg: 62fdf1f143b41e24485cea50d1cbac27 -> 
  custom:video-decoder-webm-vp8: 9c59270c3fd7afecdb556c50c9e8de78 -> 
  custom:audio-decoder-ogg-vorbis: bf7c407c2cedff20999df2af8eb42d56 -> 
========================================================================
Received Import Request.
  Time since last request: 437990.372761 seconds.
  path: Assets/UI
  artifactKey: Guid(67d404efe4c7860419006f3ff6c3e8bd) Importer(815301076,1909f56bfc062723c751e8b465ee728b)
Start importing Assets/UI using Guid(67d404efe4c7860419006f3ff6c3e8bd) Importer(815301076,1909f56bfc062723c751e8b465ee728b)  -> (artifact id: '7497e53934750aa461deb68f14ae85d2') in 0.008091 seconds 
========================================================================
Received Import Request.
  Time since last request: 28.714444 seconds.
  path: Assets/UI/Title
  artifactKey: Guid(0ae8aceffa8b18841856ec7a1672d388) Importer(815301076,1909f56bfc062723c751e8b465ee728b)
Start importing Assets/UI/Title using Guid(0ae8aceffa8b18841856ec7a1672d388) Importer(815301076,1909f56bfc062723c751e8b465ee728b)  -> (artifact id: '6532ebe1b35ece12c9da7c1cd2b9b5e4') in 0.004570 seconds 
========================================================================
Received Import Request.
  Time since last request: 6.106577 seconds.
  path: Assets/UI/InGame
  artifactKey: Guid(9d13a3d1d95ad8d4086a23d4836fcb5a) Importer(815301076,1909f56bfc062723c751e8b465ee728b)
Start importing Assets/UI/InGame using Guid(9d13a3d1d95ad8d4086a23d4836fcb5a) Importer(815301076,1909f56bfc062723c751e8b465ee728b)  -> (artifact id: '6cb0e0c90d5aefbef7eb51479544acf5') in 0.003838 seconds 
========================================================================
Received Import Request.
  Time since last request: 12.381009 seconds.
  path: Assets/UI/New Folder
  artifactKey: Guid(9f548dc4fd00f344a8783e2356250342) Importer(815301076,1909f56bfc062723c751e8b465ee728b)
Start importing Assets/UI/New Folder using Guid(9f548dc4fd00f344a8783e2356250342) Importer(815301076,1909f56bfc062723c751e8b465ee728b)  -> (artifact id: 'ea1e8511928571bb064832a4e775c6b8') in 0.003657 seconds 
========================================================================
Received Import Request.
  Time since last request: 8.138747 seconds.
  path: Assets/UI/GameOver
  artifactKey: Guid(9f548dc4fd00f344a8783e2356250342) Importer(815301076,1909f56bfc062723c751e8b465ee728b)
Start importing Assets/UI/GameOver using Guid(9f548dc4fd00f344a8783e2356250342) Importer(815301076,1909f56bfc062723c751e8b465ee728b)  -> (artifact id: 'bba1316a406bd6e176f6d32e5eb001d7') in 0.004653 seconds 
========================================================================
Received Import Request.
  Time since last request: 19.140421 seconds.
  path: Assets/Sprites/Player
  artifactKey: Guid(16ec4eb4548cee54a91f94d10e00834e) Importer(815301076,1909f56bfc062723c751e8b465ee728b)
Start importing Assets/Sprites/Player using Guid(16ec4eb4548cee54a91f94d10e00834e) Importer(815301076,1909f56bfc062723c751e8b465ee728b)  -> (artifact id: 'ed768797d67999a7d387d55c4a520809') in 0.004118 seconds 
========================================================================
Received Import Request.
  Time since last request: 4.656154 seconds.
  path: Assets/Sprites/Enemy
  artifactKey: Guid(e77c3e9e54643f24baa0266445712f6a) Importer(815301076,1909f56bfc062723c751e8b465ee728b)
Start importing Assets/Sprites/Enemy using Guid(e77c3e9e54643f24baa0266445712f6a) Importer(815301076,1909f56bfc062723c751e8b465ee728b)  -> (artifact id: '45ab440b8b30a671aeee76e215335a18') in 0.003387 seconds 
========================================================================
Received Import Request.
  Time since last request: 4.737159 seconds.
  path: Assets/Sprites/UI
  artifactKey: Guid(297e4bb7ad273fa469bb101c10866d96) Importer(815301076,1909f56bfc062723c751e8b465ee728b)
Start importing Assets/Sprites/UI using Guid(297e4bb7ad273fa469bb101c10866d96) Importer(815301076,1909f56bfc062723c751e8b465ee728b)  -> (artifact id: '4e72dec325a573b420aba80614a4921d') in 0.003890 seconds 
========================================================================
Received Import Request.
  Time since last request: 7.607875 seconds.
  path: Assets/Data/UI
  artifactKey: Guid(13db3bcfb993cb641b1f3537282b25e0) Importer(815301076,1909f56bfc062723c751e8b465ee728b)
Start importing Assets/Data/UI using Guid(13db3bcfb993cb641b1f3537282b25e0) Importer(815301076,1909f56bfc062723c751e8b465ee728b)  -> (artifact id: '945514b0dbc756affa50d3743a812dca') in 0.003111 seconds 
========================================================================
Received Import Request.
  Time since last request: 5.494851 seconds.
  path: Assets/Animation/Player
  artifactKey: Guid(f936a02ac740c8f48a8562d758dad878) Importer(815301076,1909f56bfc062723c751e8b465ee728b)
Start importing Assets/Animation/Player using Guid(f936a02ac740c8f48a8562d758dad878) Importer(815301076,1909f56bfc062723c751e8b465ee728b)  -> (artifact id: '24b7efc2ca3e2eb04391cbcc8e2db45c') in 0.002898 seconds 
========================================================================
Received Import Request.
  Time since last request: 4.487139 seconds.
  path: Assets/Animation/Enemy
  artifactKey: Guid(33c1191b8d934654bb77222df806b0c0) Importer(815301076,1909f56bfc062723c751e8b465ee728b)
Start importing Assets/Animation/Enemy using Guid(33c1191b8d934654bb77222df806b0c0) Importer(815301076,1909f56bfc062723c751e8b465ee728b)  -> (artifact id: '09f66317ff36bed507384cb15a1eb989') in 0.003217 seconds 
========================================================================
Received Import Request.
  Time since last request: 4.530097 seconds.
  path: Assets/Animation/UI
  artifactKey: Guid(1dd2e169f25e32f438ab08fdcedd72b9) Importer(815301076,1909f56bfc062723c751e8b465ee728b)
Start importing Assets/Animation/UI using Guid(1dd2e169f25e32f438ab08fdcedd72b9) Importer(815301076,1909f56bfc062723c751e8b465ee728b)  -> (artifact id: '2a19db23e991183b8f89a73789de46d9') in 0.003050 seconds 
========================================================================
Received Import Request.
  Time since last request: 7.373154 seconds.
  path: Assets/Audio/BGM
  artifactKey: Guid(a94297d3dbc527c46a4ac7772a913401) Importer(815301076,1909f56bfc062723c751e8b465ee728b)
Start importing Assets/Audio/BGM using Guid(a94297d3dbc527c46a4ac7772a913401) Importer(815301076,1909f56bfc062723c751e8b465ee728b)  -> (artifact id: '2ac7f05e954d1ca83eb066a7138d7147') in 0.003571 seconds 
========================================================================
Received Import Request.
  Time since last request: 5.277337 seconds.
  path: Assets/Audio/SE
  artifactKey: Guid(daa15b6dde8ac47438b4b03788e4f766) Importer(815301076,1909f56bfc062723c751e8b465ee728b)
Start importing Assets/Audio/SE using Guid(daa15b6dde8ac47438b4b03788e4f766) Importer(815301076,1909f56bfc062723c751e8b465ee728b)  -> (artifact id: '4f9954b97f401b3f2f4135df31079db8') in 0.003387 seconds 
========================================================================
Received Import Request.
  Time since last request: 12.803484 seconds.
  path: Assets/Physic Material/Player
  artifactKey: Guid(f70827ec230fce54caab729484c86bf1) Importer(815301076,1909f56bfc062723c751e8b465ee728b)
Start importing Assets/Physic Material/Player using Guid(f70827ec230fce54caab729484c86bf1) Importer(815301076,1909f56bfc062723c751e8b465ee728b)  -> (artifact id: 'cd34d9d581599409ade0166d07be0f2c') in 0.003081 seconds 
========================================================================
Received Import Request.
  Time since last request: 4.535900 seconds.
  path: Assets/Physic Material/Enemy
  artifactKey: Guid(1894edc386b608344852fb692b484c3d) Importer(815301076,1909f56bfc062723c751e8b465ee728b)
Start importing Assets/Physic Material/Enemy using Guid(1894edc386b608344852fb692b484c3d) Importer(815301076,1909f56bfc062723c751e8b465ee728b)  -> (artifact id: 'e3a9997ca7625d6a422f076cbb787532') in 0.003077 seconds 
========================================================================
Received Import Request.
  Time since last request: 26.807458 seconds.
  path: Assets/Physic Material/Enemy/GhostPhysic.physicMaterial
  artifactKey: Guid(c7abdf4d998c1f94dbf9c2111a76c38e) Importer(815301076,1909f56bfc062723c751e8b465ee728b)
Start importing Assets/Physic Material/Enemy/GhostPhysic.physicMaterial using Guid(c7abdf4d998c1f94dbf9c2111a76c38e) Importer(815301076,1909f56bfc062723c751e8b465ee728b)  -> (artifact id: '8acb27ba12540b55859f60ce2fe3b176') in 0.036236 seconds 
========================================================================
Received Import Request.
  Time since last request: 13.714297 seconds.
  path: Assets/Prefabs/Enemy
  artifactKey: Guid(398bd6275e2d7594b8a5425053d9f799) Importer(815301076,1909f56bfc062723c751e8b465ee728b)
Start importing Assets/Prefabs/Enemy using Guid(398bd6275e2d7594b8a5425053d9f799) Importer(815301076,1909f56bfc062723c751e8b465ee728b)  -> (artifact id: '9b64553ba1e243d6db28df551a4aa21a') in 0.003510 seconds 
